<?xml version="1.0" encoding="UTF-8"?>
<!-- Generated by org.testng.reporters.JUnitReportReporter -->
<testsuite hostname="ManikattuLakshminarayana" failures="0" tests="3" name="AddUser" time="5.786" errors="0" timestamp="2022-12-22T15:00:32 IST" skipped="0">
  <testcase classname="AddUser" name="userDetails" time="0.707"/>
  <system-out/>
  <testcase classname="AddUser" name="userDetails" time="4.308"/>
  <system-out/>
  <testcase classname="AddUser" name="userDetails" time="0.771"/>
  <system-out/>
</testsuite> <!-- AddUser -->
